<?xml version="1.0" encoding="UTF-8" ?>
<testsuite tests="2" failures="0" name="ArenaTest" time="2.836" errors="2" skipped="0">
  <properties>
[...]
</properties>
  <testcase classname="ArenaTest" name="shouldCopyTextInLabelWhenClickingButton" time="1.417">
    <error message="Unable to find component using matcher org.assertj.swing.core.NameMatcher[name=&apos;Arena[,0,0,0x0,layout=java.awt.FlowLayout,alignmentX=0.0,alignmentY=0.0,border=,flags=9,maximumSize=,minimumSize=,preferredSize=]&apos;, type=java.awt.Frame, requireShowing=true].

Component hierarchy:
javax.swing.JFrame[name=&apos;frame0&apos;, title=&apos;&apos;, enabled=true, visible=true, showing=true]
  javax.swing.JRootPane[]
    javax.swing.JPanel[name=&apos;null.glassPane&apos;]
    javax.swing.JLayeredPane[]
      javax.swing.JPanel[name=&apos;null.contentPane&apos;]
        Arena[name=null]
        javax.swing.JComboBox[name=null, selectedItem=&apos;ElectroniCa&apos;, contents=[&quot;ElectroniCa&quot;, &quot;GÃ©omÃ¨trA&quot;, &quot;InfOrNium&quot;, &quot;ConstructA&quot;, &quot;AutomaDium&quot;], editable=false, enabled=true, visible=true, showing=true]
          javax.swing.plaf.metal.MetalComboBoxButton[name=null, text=&apos;&apos;, enabled=true, visible=true, showing=true]
          javax.swing.CellRendererPane[,0,0,0x0,hidden]
            javax.swing.plaf.basic.BasicComboBoxRenderer$UIResource[name=null, text=&apos;ElectroniCa&apos;, enabled=true, visible=true, showing=false]
        javax.swing.JButton[name=null, text=&apos;Retour&apos;, enabled=true, visible=true, showing=true]
        javax.swing.JButton[name=null, text=&apos;&apos;, enabled=true, visible=true, showing=true]
" type="org.assertj.swing.exception.ComponentLookupException">org.assertj.swing.exception.ComponentLookupException: Unable to find component using matcher org.assertj.swing.core.NameMatcher[name=&apos;Arena[,0,0,0x0,layout=java.awt.FlowLayout,alignmentX=0.0,alignmentY=0.0,border=,flags=9,maximumSize=,minimumSize=,preferredSize=]&apos;, type=java.awt.Frame, requireShowing=true].

Component hierarchy:
javax.swing.JFrame[name=&apos;frame0&apos;, title=&apos;&apos;, enabled=true, visible=true, showing=true]
  javax.swing.JRootPane[]
    javax.swing.JPanel[name=&apos;null.glassPane&apos;]
    javax.swing.JLayeredPane[]
      javax.swing.JPanel[name=&apos;null.contentPane&apos;]
        Arena[name=null]
        javax.swing.JComboBox[name=null, selectedItem=&apos;ElectroniCa&apos;, contents=[&quot;ElectroniCa&quot;, &quot;GÃ©omÃ¨trA&quot;, &quot;InfOrNium&quot;, &quot;ConstructA&quot;, &quot;AutomaDium&quot;], editable=false, enabled=true, visible=true, showing=true]
          javax.swing.plaf.metal.MetalComboBoxButton[name=null, text=&apos;&apos;, enabled=true, visible=true, showing=true]
          javax.swing.CellRendererPane[,0,0,0x0,hidden]
            javax.swing.plaf.basic.BasicComboBoxRenderer$UIResource[name=null, text=&apos;ElectroniCa&apos;, enabled=true, visible=true, showing=false]
        javax.swing.JButton[name=null, text=&apos;Retour&apos;, enabled=true, visible=true, showing=true]
        javax.swing.JButton[name=null, text=&apos;&apos;, enabled=true, visible=true, showing=true]

	at org.assertj.swing.core.BasicComponentFinder.componentNotFound(BasicComponentFinder.java:287)
	at org.assertj.swing.core.BasicComponentFinder.find(BasicComponentFinder.java:272)
	at org.assertj.swing.core.BasicComponentFinder.find(BasicComponentFinder.java:186)
	at org.assertj.swing.core.BasicComponentFinder.findByName(BasicComponentFinder.java:134)
	at org.assertj.swing.fixture.AbstractComponentFixture.findTarget(AbstractComponentFixture.java:108)
	at org.assertj.swing.fixture.AbstractComponentFixture.&lt;init&gt;(AbstractComponentFixture.java:101)
	at org.assertj.swing.fixture.AbstractContainerFixture.&lt;init&gt;(AbstractContainerFixture.java:110)
	at org.assertj.swing.fixture.AbstractWindowFixture.&lt;init&gt;(AbstractWindowFixture.java:107)
	at org.assertj.swing.fixture.AbstractWindowFixture.&lt;init&gt;(AbstractWindowFixture.java:88)
	at org.assertj.swing.fixture.FrameFixture.&lt;init&gt;(FrameFixture.java:78)
	at ArenaTest.setUp(ArenaTest.java:17)
	at sun.reflect.NativeMethodAccessorImpl.invoke0(Native Method)
	at sun.reflect.NativeMethodAccessorImpl.invoke(NativeMethodAccessorImpl.java:62)
	at sun.reflect.DelegatingMethodAccessorImpl.invoke(DelegatingMethodAccessorImpl.java:43)
	at java.lang.reflect.Method.invoke(Method.java:498)
	at org.junit.runners.model.FrameworkMethod$1.runReflectiveCall(FrameworkMethod.java:44)
	at org.junit.internal.runners.model.ReflectiveCallable.run(ReflectiveCallable.java:15)
	at org.junit.runners.model.FrameworkMethod.invokeExplosively(FrameworkMethod.java:41)
	at org.junit.internal.runners.statements.RunBefores.evaluate(RunBefores.java:27)
	at org.junit.internal.runners.statements.RunAfters.evaluate(RunAfters.java:31)
	at org.junit.runners.BlockJUnit4ClassRunner.runNotIgnored(BlockJUnit4ClassRunner.java:79)
	at org.junit.runners.BlockJUnit4ClassRunner.runChild(BlockJUnit4ClassRunner.java:71)
	at org.junit.runners.BlockJUnit4ClassRunner.runChild(BlockJUnit4ClassRunner.java:49)
	at org.junit.runners.ParentRunner$3.run(ParentRunner.java:193)
	at org.junit.runners.ParentRunner$1.schedule(ParentRunner.java:52)
	at org.junit.runners.ParentRunner.runChildren(ParentRunner.java:191)
	at org.junit.runners.ParentRunner.access$000(ParentRunner.java:42)
	at org.junit.runners.ParentRunner$2.evaluate(ParentRunner.java:184)
	at org.junit.runners.ParentRunner.run(ParentRunner.java:236)
	at org.apache.maven.surefire.junit4.JUnit4Provider.execute(JUnit4Provider.java:252)
	at org.apache.maven.surefire.junit4.JUnit4Provider.executeTestSet(JUnit4Provider.java:141)
	at org.apache.maven.surefire.junit4.JUnit4Provider.invoke(JUnit4Provider.java:112)
	at sun.reflect.NativeMethodAccessorImpl.invoke0(Native Method)
	at sun.reflect.NativeMethodAccessorImpl.invoke(NativeMethodAccessorImpl.java:62)
	at sun.reflect.DelegatingMethodAccessorImpl.invoke(DelegatingMethodAccessorImpl.java:43)
	at java.lang.reflect.Method.invoke(Method.java:498)
	at org.apache.maven.surefire.util.ReflectionUtils.invokeMethodWithArray(ReflectionUtils.java:189)
	at org.apache.maven.surefire.booter.ProviderFactory$ProviderProxy.invoke(ProviderFactory.java:165)
	at org.apache.maven.surefire.booter.ProviderFactory.invokeProvider(ProviderFactory.java:85)
	at org.apache.maven.surefire.booter.ForkedBooter.runSuitesInProcess(ForkedBooter.java:115)
	at org.apache.maven.surefire.booter.ForkedBooter.main(ForkedBooter.java:75)
</error>
  </testcase>
  <testcase classname="ArenaTest" name="shouldCopyTextInLabelWhenClickingButton" time="1.419">
    <error type="java.lang.NullPointerException">java.lang.NullPointerException
	at ArenaTest.tearDown(ArenaTest.java:31)
	at sun.reflect.NativeMethodAccessorImpl.invoke0(Native Method)
	at sun.reflect.NativeMethodAccessorImpl.invoke(NativeMethodAccessorImpl.java:62)
	at sun.reflect.DelegatingMethodAccessorImpl.invoke(DelegatingMethodAccessorImpl.java:43)
	at java.lang.reflect.Method.invoke(Method.java:498)
	at org.junit.runners.model.FrameworkMethod$1.runReflectiveCall(FrameworkMethod.java:44)
	at org.junit.internal.runners.model.ReflectiveCallable.run(ReflectiveCallable.java:15)
	at org.junit.runners.model.FrameworkMethod.invokeExplosively(FrameworkMethod.java:41)
	at org.junit.internal.runners.statements.RunAfters.evaluate(RunAfters.java:37)
	at org.junit.runners.BlockJUnit4ClassRunner.runNotIgnored(BlockJUnit4ClassRunner.java:79)
	at org.junit.runners.BlockJUnit4ClassRunner.runChild(BlockJUnit4ClassRunner.java:71)
	at org.junit.runners.BlockJUnit4ClassRunner.runChild(BlockJUnit4ClassRunner.java:49)
	at org.junit.runners.ParentRunner$3.run(ParentRunner.java:193)
	at org.junit.runners.ParentRunner$1.schedule(ParentRunner.java:52)
	at org.junit.runners.ParentRunner.runChildren(ParentRunner.java:191)
	at org.junit.runners.ParentRunner.access$000(ParentRunner.java:42)
	at org.junit.runners.ParentRunner$2.evaluate(ParentRunner.java:184)
	at org.junit.runners.ParentRunner.run(ParentRunner.java:236)
	at org.apache.maven.surefire.junit4.JUnit4Provider.execute(JUnit4Provider.java:252)
	at org.apache.maven.surefire.junit4.JUnit4Provider.executeTestSet(JUnit4Provider.java:141)
	at org.apache.maven.surefire.junit4.JUnit4Provider.invoke(JUnit4Provider.java:112)
	at sun.reflect.NativeMethodAccessorImpl.invoke0(Native Method)
	at sun.reflect.NativeMethodAccessorImpl.invoke(NativeMethodAccessorImpl.java:62)
	at sun.reflect.DelegatingMethodAccessorImpl.invoke(DelegatingMethodAccessorImpl.java:43)
	at java.lang.reflect.Method.invoke(Method.java:498)
	at org.apache.maven.surefire.util.ReflectionUtils.invokeMethodWithArray(ReflectionUtils.java:189)
	at org.apache.maven.surefire.booter.ProviderFactory$ProviderProxy.invoke(ProviderFactory.java:165)
	at org.apache.maven.surefire.booter.ProviderFactory.invokeProvider(ProviderFactory.java:85)
	at org.apache.maven.surefire.booter.ForkedBooter.runSuitesInProcess(ForkedBooter.java:115)
	at org.apache.maven.surefire.booter.ForkedBooter.main(ForkedBooter.java:75)
</error>
  </testcase>
</testsuite>